<?xml version="1.0" encoding="UTF-8"?>
<!-- Generated by org.testng.reporters.JUnitXMLReporter -->
<testsuite ignored="0" hostname="DESKTOP-3NM67P2" failures="2" tests="13" name="Test" time="223.817" errors="0" timestamp="2021-03-13T16:09:48 IST">
  <testcase classname="com.roger.qa.testcsaes.MainURLPageTest" name="validateMainpageTitleTest" time="3.813"/>
  <testcase classname="com.roger.qa.testcsaes.MainURLPageTest" name="validaterogerLogoTest" time="4.881"/>
  <testcase classname="com.roger.qa.testcsaes.MainURLPageTest" name="validaterogerpersonalTest" time="3.68"/>
  <testcase classname="com.roger.qa.testcsaes.MainURLPageTest" name="validaterogerBussinessTest" time="5.332"/>
  <testcase classname="com.roger.qa.testcsaes.MainURLPageTest" name="ClickonSignInTest" time="7.833"/>
  <testcase classname="com.roger.qa.testcsaes.SignUpPageTest" name="emailuserTest" time="3.022">
    <failure type="java.lang.NullPointerException">
      <![CDATA[java.lang.NullPointerException
at com.roger.qa.testcsaes.SignUpPageTest.emailuserTest(SignUpPageTest.java:49)
at java.base/java.util.ArrayList.forEach(ArrayList.java:1540)
... Removed 27 stack frames]]>
    </failure>
  </testcase> <!-- emailuserTest -->
  <testcase classname="com.roger.qa.testcsaes.SignUpPageTest" name="click" time="0.0">
    <skipped/>
  </testcase> <!-- click -->
  <testcase classname="com.roger.qa.testcsaes.SignUpPageTest" name="validatesignuppageTitleTest" time="3.004">
    <failure type="java.lang.NullPointerException">
      <![CDATA[java.lang.NullPointerException
at com.roger.qa.testcsaes.SignUpPageTest.validatesignuppageTitleTest(SignUpPageTest.java:40)
at java.base/java.util.ArrayList.forEach(ArrayList.java:1540)
... Removed 27 stack frames]]>
    </failure>
  </testcase> <!-- validatesignuppageTitleTest -->
  <testcase classname="com.roger.qa.testcsaes.LoginPageTest" name="loginDataTest" time="7.068"/>
  <testcase classname="com.roger.qa.testcsaes.LoginPageTest" name="loginDataTest" time="7.892"/>
  <testcase classname="com.roger.qa.testcsaes.LoginPageTest" name="loginDataTest" time="6.501"/>
  <testcase classname="com.roger.qa.testcsaes.LoginPageTest" name="loginDataTest" time="6.334"/>
  <testcase classname="com.roger.qa.testcsaes.LoginPageTest" name="validateLoginpageTitle" time="3.024"/>
</testsuite> <!-- Test -->
